[2026-01-17T07:41:51.857Z] > command requires scopes: ["email","openid","https://www.googleapis.com/auth/cloudplatformprojects.readonly","https://www.googleapis.com/auth/firebase","https://www.googleapis.com/auth/cloud-platform"]
[2026-01-17T07:41:51.858Z] > authorizing via signed-in user (heroyik@gmail.com)
[2026-01-17T07:41:51.858Z] [iam] checking project engdb-11b7f for permissions ["cloudfunctions.functions.create","cloudfunctions.functions.delete","cloudfunctions.functions.get","cloudfunctions.functions.list","cloudfunctions.functions.update","cloudfunctions.operations.get","firebase.projects.get"]
[2026-01-17T07:41:51.859Z] Checked if tokens are valid: true, expires at: 1768637491682
[2026-01-17T07:41:51.859Z] Checked if tokens are valid: true, expires at: 1768637491682
[2026-01-17T07:41:51.860Z] >>> [apiv2][query] POST https://cloudresourcemanager.googleapis.com/v1/projects/engdb-11b7f:testIamPermissions [none]
[2026-01-17T07:41:51.860Z] >>> [apiv2][(partial)header] POST https://cloudresourcemanager.googleapis.com/v1/projects/engdb-11b7f:testIamPermissions x-goog-quota-user=projects/engdb-11b7f
[2026-01-17T07:41:51.860Z] >>> [apiv2][body] POST https://cloudresourcemanager.googleapis.com/v1/projects/engdb-11b7f:testIamPermissions {"permissions":["cloudfunctions.functions.create","cloudfunctions.functions.delete","cloudfunctions.functions.get","cloudfunctions.functions.list","cloudfunctions.functions.update","cloudfunctions.operations.get","firebase.projects.get"]}
[2026-01-17T07:41:52.105Z] <<< [apiv2][status] POST https://cloudresourcemanager.googleapis.com/v1/projects/engdb-11b7f:testIamPermissions 200
[2026-01-17T07:41:52.105Z] <<< [apiv2][body] POST https://cloudresourcemanager.googleapis.com/v1/projects/engdb-11b7f:testIamPermissions {"permissions":["cloudfunctions.functions.create","cloudfunctions.functions.delete","cloudfunctions.functions.get","cloudfunctions.functions.list","cloudfunctions.functions.update","cloudfunctions.operations.get","firebase.projects.get"]}
[2026-01-17T07:41:52.105Z] Checked if tokens are valid: true, expires at: 1768637491682
[2026-01-17T07:41:52.105Z] Checked if tokens are valid: true, expires at: 1768637491682
[2026-01-17T07:41:52.105Z] >>> [apiv2][query] POST https://iam.googleapis.com/v1/projects/engdb-11b7f/serviceAccounts/engdb-11b7f@appspot.gserviceaccount.com:testIamPermissions [none]
[2026-01-17T07:41:52.106Z] >>> [apiv2][body] POST https://iam.googleapis.com/v1/projects/engdb-11b7f/serviceAccounts/engdb-11b7f@appspot.gserviceaccount.com:testIamPermissions {"permissions":["iam.serviceAccounts.actAs"]}
[2026-01-17T07:41:53.435Z] <<< [apiv2][status] POST https://iam.googleapis.com/v1/projects/engdb-11b7f/serviceAccounts/engdb-11b7f@appspot.gserviceaccount.com:testIamPermissions 200
[2026-01-17T07:41:53.435Z] <<< [apiv2][body] POST https://iam.googleapis.com/v1/projects/engdb-11b7f/serviceAccounts/engdb-11b7f@appspot.gserviceaccount.com:testIamPermissions {"permissions":["iam.serviceAccounts.actAs"]}

=== Deploying to 'engdb-11b7f'...

i  deploying functions 
[2026-01-17T07:41:53.438Z] Checked if tokens are valid: true, expires at: 1768637491682
[2026-01-17T07:41:53.438Z] Checked if tokens are valid: true, expires at: 1768637491682
[2026-01-17T07:41:53.438Z] >>> [apiv2][query] GET https://cloudresourcemanager.googleapis.com/v1/projects/engdb-11b7f [none]
[2026-01-17T07:41:53.660Z] <<< [apiv2][status] GET https://cloudresourcemanager.googleapis.com/v1/projects/engdb-11b7f 200
[2026-01-17T07:41:53.660Z] <<< [apiv2][body] GET https://cloudresourcemanager.googleapis.com/v1/projects/engdb-11b7f {"projectNumber":"221994477836","projectId":"engdb-11b7f","lifecycleState":"ACTIVE","name":"ENGDB","labels":{"firebase":"enabled","firebase-core":"disabled"},"createTime":"2025-12-26T02:12:34.024584Z"}
i  functions: preparing codebase default for deployment 
i  functions: ensuring required API cloudfunctions.googleapis.com is enabled... 
i  functions: ensuring required API cloudbuild.googleapis.com is enabled... 
i  artifactregistry: ensuring required API artifactregistry.googleapis.com is enabled... 
[2026-01-17T07:41:53.662Z] Checked if tokens are valid: true, expires at: 1768637491682
[2026-01-17T07:41:53.662Z] Checked if tokens are valid: true, expires at: 1768637491682
[2026-01-17T07:41:53.662Z] >>> [apiv2][query] GET https://firebase.googleapis.com/v1beta1/projects/engdb-11b7f/adminSdkConfig [none]
[2026-01-17T07:41:54.060Z] <<< [apiv2][status] GET https://firebase.googleapis.com/v1beta1/projects/engdb-11b7f/adminSdkConfig 200
[2026-01-17T07:41:54.061Z] <<< [apiv2][body] GET https://firebase.googleapis.com/v1beta1/projects/engdb-11b7f/adminSdkConfig {"projectId":"engdb-11b7f","storageBucket":"engdb-11b7f.firebasestorage.app"}
[2026-01-17T07:41:54.061Z] Checked if tokens are valid: true, expires at: 1768637491682
[2026-01-17T07:41:54.061Z] Checked if tokens are valid: true, expires at: 1768637491682
[2026-01-17T07:41:54.061Z] >>> [apiv2][query] GET https://runtimeconfig.googleapis.com/v1beta1/projects/engdb-11b7f/configs [none]
[2026-01-17T07:41:55.081Z] <<< [apiv2][status] GET https://runtimeconfig.googleapis.com/v1beta1/projects/engdb-11b7f/configs 200
[2026-01-17T07:41:55.081Z] <<< [apiv2][body] GET https://runtimeconfig.googleapis.com/v1beta1/projects/engdb-11b7f/configs {}
[2026-01-17T07:41:55.082Z] Validating nodejs source
[2026-01-17T07:41:55.734Z] > [functions] package.json contents: {
  "name": "functions",
  "description": "Cloud Functions for Firebase",
  "scripts": {
    "serve": "firebase emulators:start --only functions",
    "shell": "firebase functions:shell",
    "start": "npm run shell",
    "deploy": "firebase deploy --only functions",
    "logs": "firebase functions:log"
  },
  "engines": {
    "node": "24"
  },
  "main": "index.js",
  "dependencies": {
    "axios": "^1.13.2",
    "firebase-admin": "^13.6.0",
    "firebase-functions": "^7.0.0"
  },
  "devDependencies": {
    "firebase-functions-test": "^3.4.1"
  },
  "private": true
}
[2026-01-17T07:41:55.735Z] Building nodejs source
i  functions: Loading and analyzing source code for codebase default to determine what to deploy 
[2026-01-17T07:41:55.735Z] Could not find functions.yaml. Must use http discovery
[2026-01-17T07:41:55.741Z] Found firebase-functions binary at 'C:\Users\heroy\antigravity\col_eng\JavaScript\node_modules\.bin\firebase-functions'
Serving at port 8191

[2026-01-17T07:41:56.297Z] Got response from /__/functions.yaml {"endpoints":{"synctogithub":{"availableMemoryMb":null,"timeoutSeconds":null,"minInstances":null,"maxInstances":null,"ingressSettings":null,"concurrency":null,"serviceAccountEmail":null,"vpc":null,"platform":"gcfv2","labels":{},"eventTrigger":{"eventType":"google.cloud.firestore.document.v1.written","eventFilters":{"database":"(default)","namespace":"(default)"},"eventFilterPathPatterns":{"document":"EnglishExpressions/{docId}"},"retry":false},"entryPoint":"synctogithub"}},"specVersion":"v1alpha1","requiredAPIs":[],"extensions":{}}
i  extensions: ensuring required API firebaseextensions.googleapis.com is enabled... 
[2026-01-17T07:42:00.335Z] > command requires scopes: ["email","openid","https://www.googleapis.com/auth/cloudplatformprojects.readonly","https://www.googleapis.com/auth/firebase","https://www.googleapis.com/auth/cloud-platform"]
[2026-01-17T07:42:00.335Z] > authorizing via signed-in user (heroyik@gmail.com)
[2026-01-17T07:42:00.336Z] [iam] checking project engdb-11b7f for permissions ["firebase.projects.get","firebaseextensions.instances.list"]
[2026-01-17T07:42:00.336Z] Checked if tokens are valid: true, expires at: 1768637491682
[2026-01-17T07:42:00.336Z] Checked if tokens are valid: true, expires at: 1768637491682
[2026-01-17T07:42:00.336Z] >>> [apiv2][query] POST https://cloudresourcemanager.googleapis.com/v1/projects/engdb-11b7f:testIamPermissions [none]
[2026-01-17T07:42:00.336Z] >>> [apiv2][(partial)header] POST https://cloudresourcemanager.googleapis.com/v1/projects/engdb-11b7f:testIamPermissions x-goog-quota-user=projects/engdb-11b7f
[2026-01-17T07:42:00.336Z] >>> [apiv2][body] POST https://cloudresourcemanager.googleapis.com/v1/projects/engdb-11b7f:testIamPermissions {"permissions":["firebase.projects.get","firebaseextensions.instances.list"]}
[2026-01-17T07:42:00.550Z] <<< [apiv2][status] POST https://cloudresourcemanager.googleapis.com/v1/projects/engdb-11b7f:testIamPermissions 200
[2026-01-17T07:42:00.551Z] <<< [apiv2][body] POST https://cloudresourcemanager.googleapis.com/v1/projects/engdb-11b7f:testIamPermissions {"permissions":["firebase.projects.get","firebaseextensions.instances.list"]}
[2026-01-17T07:42:00.551Z] Checked if tokens are valid: true, expires at: 1768637491682
[2026-01-17T07:42:00.551Z] Checked if tokens are valid: true, expires at: 1768637491682
[2026-01-17T07:42:00.551Z] >>> [apiv2][query] GET https://firebaseextensions.googleapis.com/v1beta/projects/engdb-11b7f/instances pageSize=100&pageToken=
[2026-01-17T07:42:01.729Z] <<< [apiv2][status] GET https://firebaseextensions.googleapis.com/v1beta/projects/engdb-11b7f/instances 200
[2026-01-17T07:42:01.730Z] <<< [apiv2][body] GET https://firebaseextensions.googleapis.com/v1beta/projects/engdb-11b7f/instances {}
i  functions: preparing JavaScript directory for uploading... 
i  functions: packaged C:\Users\heroy\antigravity\col_eng\JavaScript (68.48 KB) for uploading 
[2026-01-17T07:42:01.764Z] Checked if tokens are valid: true, expires at: 1768637491682
[2026-01-17T07:42:01.764Z] Checked if tokens are valid: true, expires at: 1768637491682
[2026-01-17T07:42:01.764Z] >>> [apiv2][query] GET https://cloudfunctions.googleapis.com/v1/projects/engdb-11b7f/locations/-/functions [none]
[2026-01-17T07:42:02.771Z] <<< [apiv2][status] GET https://cloudfunctions.googleapis.com/v1/projects/engdb-11b7f/locations/-/functions 200
[2026-01-17T07:42:02.772Z] <<< [apiv2][body] GET https://cloudfunctions.googleapis.com/v1/projects/engdb-11b7f/locations/-/functions {}
[2026-01-17T07:42:02.772Z] Checked if tokens are valid: true, expires at: 1768637491682
[2026-01-17T07:42:02.772Z] Checked if tokens are valid: true, expires at: 1768637491682
[2026-01-17T07:42:02.773Z] >>> [apiv2][query] GET https://cloudfunctions.googleapis.com/v2/projects/engdb-11b7f/locations/-/functions filter=environment%3D%22GEN_2%22
[2026-01-17T07:42:04.972Z] <<< [apiv2][status] GET https://cloudfunctions.googleapis.com/v2/projects/engdb-11b7f/locations/-/functions 200
[2026-01-17T07:42:04.972Z] <<< [apiv2][body] GET https://cloudfunctions.googleapis.com/v2/projects/engdb-11b7f/locations/-/functions {"functions":[{"name":"projects/engdb-11b7f/locations/us-central1/functions/synctogithub","buildConfig":{"build":"projects/221994477836/locations/us-central1/builds/f0c9e1c0-ea7b-4f31-ace0-c75d3abdf04e","runtime":"nodejs22","entryPoint":"synctogithub","source":{"storageSource":{"bucket":"gcf-v2-sources-221994477836-us-central1","object":"synctogithub/function-source.zip","generation":"1768635184065822"}},"environmentVariables":{"GOOGLE_NODE_RUN_SCRIPTS":""},"dockerRepository":"projects/engdb-11b7f/locations/us-central1/repositories/gcf-artifacts","sourceProvenance":{"resolvedStorageSource":{"bucket":"gcf-v2-sources-221994477836-us-central1","object":"synctogithub/function-source.zip","generation":"1768635184065822"}},"dockerRegistry":"ARTIFACT_REGISTRY","serviceAccount":"projects/engdb-11b7f/serviceAccounts/221994477836-compute@developer.gserviceaccount.com","automaticUpdatePolicy":{}},"serviceConfig":{"service":"projects/engdb-11b7f/locations/us-central1/services/synctogithub","timeoutSeconds":60,"environmentVariables":{"FIREBASE_CONFIG":"{\"projectId\":\"engdb-11b7f\",\"storageBucket\":\"engdb-11b7f.firebasestorage.app\"}","GCLOUD_PROJECT":"engdb-11b7f","EVENTARC_CLOUD_EVENT_SOURCE":"projects/engdb-11b7f/locations/us-central1/services/synctogithub","FUNCTION_SIGNATURE_TYPE":"cloudevent","FUNCTION_TARGET":"synctogithub","LOG_EXECUTION_ID":"true"},"maxInstanceCount":20,"ingressSettings":"ALLOW_ALL","uri":"https://synctogithub-5ekqvklm3a-uc.a.run.app","serviceAccountEmail":"221994477836-compute@developer.gserviceaccount.com","availableMemory":"256Mi","allTrafficOnLatestRevision":true,"revision":"synctogithub-00003-tul","maxInstanceRequestConcurrency":80,"availableCpu":"1"},"eventTrigger":{"trigger":"projects/engdb-11b7f/locations/asia-northeast3/triggers/synctogithub-635953","triggerRegion":"asia-northeast3","eventType":"google.cloud.firestore.document.v1.written","eventFilters":[{"attribute":"namespace","value":"(default)"},{"attribute":"document","value":"EnglishExpressions/{docId}","operator":"match-path-pattern"},{"attribute":"database","value":"(default)"}],"pubsubTopic":"projects/engdb-11b7f/topics/eventarc-asia-northeast3-synctogithub-635953-423","serviceAccountEmail":"221994477836-compute@developer.gserviceaccount.com","retryPolicy":"RETRY_POLICY_DO_NOT_RETRY"},"state":"ACTIVE","updateTime":"2026-01-17T07:34:22.183030338Z","labels":{"deployment-tool":"cli-firebase","firebase-functions-hash":"bf4301ca986b2ed67a86d9e60b7e31724dcd3e66"},"environment":"GEN_2","url":"https://us-central1-engdb-11b7f.cloudfunctions.net/synctogithub","createTime":"2026-01-17T07:20:46.233554005Z","satisfiesPzi":true}]}
[2026-01-17T07:42:04.974Z] Checked if tokens are valid: true, expires at: 1768637491682
[2026-01-17T07:42:04.974Z] Checked if tokens are valid: true, expires at: 1768637491682
[2026-01-17T07:42:04.974Z] >>> [apiv2][query] GET https://firestore.googleapis.com/v1/projects/engdb-11b7f/databases/(default) [none]
[2026-01-17T07:42:05.121Z] <<< [apiv2][status] GET https://firestore.googleapis.com/v1/projects/engdb-11b7f/databases/(default) 200
[2026-01-17T07:42:05.121Z] <<< [apiv2][body] GET https://firestore.googleapis.com/v1/projects/engdb-11b7f/databases/(default) {"name":"projects/engdb-11b7f/databases/(default)","uid":"acb8f5a1-bf32-43e5-a065-0ad4aa5ba053","createTime":"2025-12-26T02:16:19.240515Z","updateTime":"2025-12-26T02:16:19.240515Z","locationId":"asia-northeast3","type":"FIRESTORE_NATIVE","concurrencyMode":"PESSIMISTIC","versionRetentionPeriod":"3600s","earliestVersionTime":"2026-01-17T06:42:00.347212Z","appEngineIntegrationMode":"DISABLED","keyPrefix":"v","pointInTimeRecoveryEnablement":"POINT_IN_TIME_RECOVERY_DISABLED","deleteProtectionState":"DELETE_PROTECTION_DISABLED","databaseEdition":"STANDARD","freeTier":true,"realtimeUpdatesMode":"REALTIME_UPDATES_MODE_ENABLED","etag":"IJLX5L6JkpIDMLzA776a2pED"}
i  functions: ensuring required API run.googleapis.com is enabled... 
i  functions: ensuring required API eventarc.googleapis.com is enabled... 
i  functions: ensuring required API pubsub.googleapis.com is enabled... 
i  functions: ensuring required API storage.googleapis.com is enabled... 
i  functions: generating the service identity for pubsub.googleapis.com... 
[2026-01-17T07:42:05.123Z] Checked if tokens are valid: true, expires at: 1768637491682
[2026-01-17T07:42:05.123Z] Checked if tokens are valid: true, expires at: 1768637491682
i  functions: generating the service identity for eventarc.googleapis.com... 
[2026-01-17T07:42:05.123Z] Checked if tokens are valid: true, expires at: 1768637491682
[2026-01-17T07:42:05.124Z] Checked if tokens are valid: true, expires at: 1768637491682
[2026-01-17T07:42:05.124Z] >>> [apiv2][query] POST https://serviceusage.googleapis.com/v1beta1/projects/221994477836/services/pubsub.googleapis.com:generateServiceIdentity [none]
[2026-01-17T07:42:05.124Z] >>> [apiv2][(partial)header] POST https://serviceusage.googleapis.com/v1beta1/projects/221994477836/services/pubsub.googleapis.com:generateServiceIdentity x-goog-quota-user=projects/221994477836
[2026-01-17T07:42:05.124Z] >>> [apiv2][body] POST https://serviceusage.googleapis.com/v1beta1/projects/221994477836/services/pubsub.googleapis.com:generateServiceIdentity {}
[2026-01-17T07:42:05.125Z] >>> [apiv2][query] POST https://serviceusage.googleapis.com/v1beta1/projects/221994477836/services/eventarc.googleapis.com:generateServiceIdentity [none]
[2026-01-17T07:42:05.125Z] >>> [apiv2][(partial)header] POST https://serviceusage.googleapis.com/v1beta1/projects/221994477836/services/eventarc.googleapis.com:generateServiceIdentity x-goog-quota-user=projects/221994477836
[2026-01-17T07:42:05.125Z] >>> [apiv2][body] POST https://serviceusage.googleapis.com/v1beta1/projects/221994477836/services/eventarc.googleapis.com:generateServiceIdentity {}
[2026-01-17T07:42:06.511Z] <<< [apiv2][status] POST https://serviceusage.googleapis.com/v1beta1/projects/221994477836/services/pubsub.googleapis.com:generateServiceIdentity 200
[2026-01-17T07:42:06.512Z] <<< [apiv2][body] POST https://serviceusage.googleapis.com/v1beta1/projects/221994477836/services/pubsub.googleapis.com:generateServiceIdentity {"name":"operations/finished.DONE_OPERATION","done":true,"response":{"@type":"type.googleapis.com/google.api.serviceusage.v1beta1.ServiceIdentity","email":"service-221994477836@gcp-sa-pubsub.iam.gserviceaccount.com","uniqueId":"100428654477830755965"}}
[2026-01-17T07:42:06.562Z] <<< [apiv2][status] POST https://serviceusage.googleapis.com/v1beta1/projects/221994477836/services/eventarc.googleapis.com:generateServiceIdentity 200
[2026-01-17T07:42:06.563Z] <<< [apiv2][body] POST https://serviceusage.googleapis.com/v1beta1/projects/221994477836/services/eventarc.googleapis.com:generateServiceIdentity {"name":"operations/finished.DONE_OPERATION","done":true,"response":{"@type":"type.googleapis.com/google.api.serviceusage.v1beta1.ServiceIdentity","email":"service-221994477836@gcp-sa-eventarc.iam.gserviceaccount.com","uniqueId":"116840661861272733275"}}
[2026-01-17T07:42:06.564Z] Checked if tokens are valid: true, expires at: 1768637491682
[2026-01-17T07:42:06.564Z] Checked if tokens are valid: true, expires at: 1768637491682
[2026-01-17T07:42:06.564Z] >>> [apiv2][query] GET https://cloudresourcemanager.googleapis.com/v1/projects/engdb-11b7f [none]
[2026-01-17T07:42:06.830Z] <<< [apiv2][status] GET https://cloudresourcemanager.googleapis.com/v1/projects/engdb-11b7f 200
[2026-01-17T07:42:06.831Z] <<< [apiv2][body] GET https://cloudresourcemanager.googleapis.com/v1/projects/engdb-11b7f {"projectNumber":"221994477836","projectId":"engdb-11b7f","lifecycleState":"ACTIVE","name":"ENGDB","labels":{"firebase":"enabled","firebase-core":"disabled"},"createTime":"2025-12-26T02:12:34.024584Z"}
[2026-01-17T07:42:06.831Z] Checked if tokens are valid: true, expires at: 1768637491682
[2026-01-17T07:42:06.831Z] Checked if tokens are valid: true, expires at: 1768637491682
[2026-01-17T07:42:06.831Z] >>> [apiv2][query] GET https://compute.googleapis.com/compute/v1/projects/221994477836 [none]
[2026-01-17T07:42:07.881Z] <<< [apiv2][status] GET https://compute.googleapis.com/compute/v1/projects/221994477836 403
[2026-01-17T07:42:07.881Z] <<< [apiv2][body] GET https://compute.googleapis.com/compute/v1/projects/221994477836 {"error":{"code":403,"message":"Compute Engine API has not been used in project 221994477836 before or it is disabled. Enable it by visiting https://console.developers.google.com/apis/api/compute.googleapis.com/overview?project=221994477836 then retry. If you enabled this API recently, wait a few minutes for the action to propagate to our systems and retry.","errors":[{"message":"Compute Engine API has not been used in project 221994477836 before or it is disabled. Enable it by visiting https://console.developers.google.com/apis/api/compute.googleapis.com/overview?project=221994477836 then retry. If you enabled this API recently, wait a few minutes for the action to propagate to our systems and retry.","domain":"usageLimits","reason":"accessNotConfigured","extendedHelp":"https://console.developers.google.com"}],"status":"PERMISSION_DENIED","details":[{"@type":"type.googleapis.com/google.rpc.ErrorInfo","reason":"SERVICE_DISABLED","domain":"googleapis.com","metadata":{"activationUrl":"https://console.developers.google.com/apis/api/compute.googleapis.com/overview?project=221994477836","consumer":"projects/221994477836","serviceTitle":"Compute Engine API","containerInfo":"221994477836","service":"compute.googleapis.com"}},{"@type":"type.googleapis.com/google.rpc.LocalizedMessage","locale":"en-US","message":"Compute Engine API has not been used in project 221994477836 before or it is disabled. Enable it by visiting https://console.developers.google.com/apis/api/compute.googleapis.com/overview?project=221994477836 then retry. If you enabled this API recently, wait a few minutes for the action to propagate to our systems and retry."},{"@type":"type.googleapis.com/google.rpc.Help","links":[{"description":"Google developers console API activation","url":"https://console.developers.google.com/apis/api/compute.googleapis.com/overview?project=221994477836"}]}]}}
[2026-01-17T07:42:07.883Z] unable to look up default compute service account. Falling back to 221994477836-compute@developer.gserviceaccount.com. Error: {"name":"FirebaseError","children":[],"context":{"body":{"error":{"code":403,"message":"Compute Engine API has not been used in project 221994477836 before or it is disabled. Enable it by visiting https://console.developers.google.com/apis/api/compute.googleapis.com/overview?project=221994477836 then retry. If you enabled this API recently, wait a few minutes for the action to propagate to our systems and retry.","errors":[{"message":"Compute Engine API has not been used in project 221994477836 before or it is disabled. Enable it by visiting https://console.developers.google.com/apis/api/compute.googleapis.com/overview?project=221994477836 then retry. If you enabled this API recently, wait a few minutes for the action to propagate to our systems and retry.","domain":"usageLimits","reason":"accessNotConfigured","extendedHelp":"https://console.developers.google.com"}],"status":"PERMISSION_DENIED","details":[{"@type":"type.googleapis.com/google.rpc.ErrorInfo","reason":"SERVICE_DISABLED","domain":"googleapis.com","metadata":{"activationUrl":"https://console.developers.google.com/apis/api/compute.googleapis.com/overview?project=221994477836","consumer":"projects/221994477836","serviceTitle":"Compute Engine API","containerInfo":"221994477836","service":"compute.googleapis.com"}},{"@type":"type.googleapis.com/google.rpc.LocalizedMessage","locale":"en-US","message":"Compute Engine API has not been used in project 221994477836 before or it is disabled. Enable it by visiting https://console.developers.google.com/apis/api/compute.googleapis.com/overview?project=221994477836 then retry. If you enabled this API recently, wait a few minutes for the action to propagate to our systems and retry."},{"@type":"type.googleapis.com/google.rpc.Help","links":[{"description":"Google developers console API activation","url":"https://console.developers.google.com/apis/api/compute.googleapis.com/overview?project=221994477836"}]}]}},"response":{"statusCode":403}},"exit":1,"message":"Request to https://compute.googleapis.com/compute/v1/projects/221994477836 had HTTP Error: 403, Compute Engine API has not been used in project 221994477836 before or it is disabled. Enable it by visiting https://console.developers.google.com/apis/api/compute.googleapis.com/overview?project=221994477836 then retry. If you enabled this API recently, wait a few minutes for the action to propagate to our systems and retry.","status":403}
[2026-01-17T07:42:07.884Z] Checked if tokens are valid: true, expires at: 1768637491682
[2026-01-17T07:42:07.884Z] Checked if tokens are valid: true, expires at: 1768637491682
[2026-01-17T07:42:07.884Z] >>> [apiv2][query] GET https://cloudbilling.googleapis.com/v1/projects/engdb-11b7f/billingInfo [none]
[2026-01-17T07:42:09.171Z] <<< [apiv2][status] GET https://cloudbilling.googleapis.com/v1/projects/engdb-11b7f/billingInfo 200
[2026-01-17T07:42:09.171Z] <<< [apiv2][body] GET https://cloudbilling.googleapis.com/v1/projects/engdb-11b7f/billingInfo {"name":"projects/engdb-11b7f/billingInfo","projectId":"engdb-11b7f","billingAccountName":"billingAccounts/016D1A-55B0CC-DBDFA1","billingEnabled":true}
i  functions: Skipping the deploy of unchanged functions. 
+  functions[synctogithub(us-central1)] Skipped (No changes detected) 
[2026-01-17T07:42:09.176Z] Total Function Deployment time: 0
[2026-01-17T07:42:09.176Z] 0 Functions Deployed
[2026-01-17T07:42:09.176Z] 0 Functions Errored
[2026-01-17T07:42:09.176Z] 0 Function Deployments Aborted
[2026-01-17T07:42:09.176Z] Average Function Deployment time: NaN
[2026-01-17T07:42:09.431Z] Checked if tokens are valid: true, expires at: 1768637491682
[2026-01-17T07:42:09.431Z] Checked if tokens are valid: true, expires at: 1768637491682
[2026-01-17T07:42:09.432Z] >>> [apiv2][query] GET https://artifactregistry.googleapis.com/v1/projects/engdb-11b7f/locations/us-central1/repositories/gcf-artifacts [none]
[2026-01-17T07:42:10.500Z] <<< [apiv2][status] GET https://artifactregistry.googleapis.com/v1/projects/engdb-11b7f/locations/us-central1/repositories/gcf-artifacts 200
[2026-01-17T07:42:10.501Z] <<< [apiv2][body] GET https://artifactregistry.googleapis.com/v1/projects/engdb-11b7f/locations/us-central1/repositories/gcf-artifacts {"name":"projects/engdb-11b7f/locations/us-central1/repositories/gcf-artifacts","format":"DOCKER","description":"This repository is created and used by Cloud Functions for storing function docker images.","labels":{"goog-managed-by":"cloudfunctions"},"createTime":"2026-01-17T07:20:54.841913Z","updateTime":"2026-01-17T07:33:55.336894Z","mode":"STANDARD_REPOSITORY","sizeBytes":"137021817","vulnerabilityScanningConfig":{"lastEnableTime":"2026-01-17T07:20:46.416826316Z","enablementState":"SCANNING_DISABLED","enablementStateReason":"API containerscanning.googleapis.com is not enabled."},"satisfiesPzi":true,"registryUri":"us-central1-docker.pkg.dev/engdb-11b7f/gcf-artifacts"}
!  functions: No cleanup policy detected for repositories in us-central1. This may result in a small monthly bill as container images accumulate over time. 

Error: Functions successfully deployed but could not set up cleanup policy in location us-central1. Pass the --force option to automatically set up a cleanup policy or run 'firebase functions:artifacts:setpolicy' to manually set up a cleanup policy.
